2001.03.04 21:52 B C:\My Website\zanshin\favicon.ico --> ftp.zanshin.net /web favicon.ico
2001.03.08 21:04 B C:\My Website\zanshin\agreements.htm --> ftp.zanshin.net /web agreements.htm
2001.03.08 21:04 B C:\My Website\zanshin\bemylove.htm --> ftp.zanshin.net /web bemylove.htm
2001.03.08 21:04 B C:\My Website\zanshin\change.html --> ftp.zanshin.net /web change.html
2001.03.08 21:04 B C:\My Website\zanshin\christmas.htm --> ftp.zanshin.net /web christmas.htm
2001.03.08 21:04 B C:\My Website\zanshin\favicon.ico --> ftp.zanshin.net /web favicon.ico
2001.03.08 21:04 B C:\My Website\zanshin\fustration.htm --> ftp.zanshin.net /web fustration.htm
2001.03.08 21:04 B C:\My Website\zanshin\germs.htm --> ftp.zanshin.net /web germs.htm
2001.03.08 21:04 B C:\My Website\zanshin\god.htm --> ftp.zanshin.net /web god.htm
2001.03.08 21:04 B C:\My Website\zanshin\index.html --> ftp.zanshin.net /web index.html
2001.03.08 21:04 B C:\My Website\zanshin\job.htm --> ftp.zanshin.net /web job.htm
2001.03.08 21:05 B C:\My Website\zanshin\lists.htm --> ftp.zanshin.net /web lists.htm
2001.03.08 21:05 B C:\My Website\zanshin\lovedone.htm --> ftp.zanshin.net /web lovedone.htm
2001.03.08 21:05 B C:\My Website\zanshin\millennium.htm --> ftp.zanshin.net /web millennium.htm
2001.03.08 21:05 B C:\My Website\zanshin\newyears.gif --> ftp.zanshin.net /web newyears.gif
2001.03.08 21:05 B C:\My Website\zanshin\newyears.htm --> ftp.zanshin.net /web newyears.htm
2001.03.08 21:05 B C:\My Website\zanshin\shoreline.gif --> ftp.zanshin.net /web shoreline.gif
2001.03.08 21:05 B C:\My Website\zanshin\soup.htm --> ftp.zanshin.net /web soup.htm
2001.03.08 21:05 B C:\My Website\zanshin\step.htm --> ftp.zanshin.net /web step.htm
2001.03.08 21:05 B C:\My Website\zanshin\thoughtLog.html --> ftp.zanshin.net /web thoughtLog.html
2001.03.08 21:05 B C:\My Website\zanshin\writings.html --> ftp.zanshin.net /web writings.html
2001.03.08 21:05 B C:\My Website\zanshin\xmas2000.htm --> ftp.zanshin.net /web xmas2000.htm
2001.03.08 21:05 B C:\My Website\zanshin\xmastree.jpg --> ftp.zanshin.net /web xmastree.jpg
2001.03.08 21:05 B C:\My Website\zanshin\zanshin.htm --> ftp.zanshin.net /web zanshin.htm
2001.03.08 21:05 B C:\My Website\zanshin\zen.htm --> ftp.zanshin.net /web zen.htm
2001.03.10 08:07 B C:\My Website\zanshin\books.htm --> ftp.zanshin.net /web books.htm
2001.03.10 08:07 B C:\My Website\zanshin\christmas.htm --> ftp.zanshin.net /web christmas.htm
2001.03.10 08:07 B C:\My Website\zanshin\index.html --> ftp.zanshin.net /web index.html
2001.03.10 08:07 B C:\My Website\zanshin\newyears.htm --> ftp.zanshin.net /web newyears.htm
2001.03.10 08:07 B C:\My Website\zanshin\thoughtLog.html --> ftp.zanshin.net /web thoughtLog.html
2001.03.10 08:07 B C:\My Website\zanshin\writings.html --> ftp.zanshin.net /web writings.html
2001.03.10 16:06 B C:\My Website\zanshin\agreements.htm --> ftp.zanshin.net /web agreements.htm
2001.03.10 16:06 B C:\My Website\zanshin\bemylove.htm --> ftp.zanshin.net /web bemylove.htm
2001.03.10 16:06 B C:\My Website\zanshin\books.htm --> ftp.zanshin.net /web books.htm
2001.03.10 16:06 B C:\My Website\zanshin\change.html --> ftp.zanshin.net /web change.html
2001.03.10 16:06 B C:\My Website\zanshin\chilli.htm --> ftp.zanshin.net /web chilli.htm
2001.03.10 16:06 B C:\My Website\zanshin\christmas.htm --> ftp.zanshin.net /web christmas.htm
2001.03.10 16:06 B C:\My Website\zanshin\fustration.htm --> ftp.zanshin.net /web fustration.htm
2001.03.10 16:06 B C:\My Website\zanshin\germs.htm --> ftp.zanshin.net /web germs.htm
2001.03.10 16:06 B C:\My Website\zanshin\god.htm --> ftp.zanshin.net /web god.htm
2001.03.10 16:06 B C:\My Website\zanshin\job.htm --> ftp.zanshin.net /web job.htm
2001.03.10 16:06 B C:\My Website\zanshin\lists.htm --> ftp.zanshin.net /web lists.htm
2001.03.10 16:06 B C:\My Website\zanshin\lovedone.htm --> ftp.zanshin.net /web lovedone.htm
2001.03.10 16:06 B C:\My Website\zanshin\millennium.htm --> ftp.zanshin.net /web millennium.htm
2001.03.10 16:06 B C:\My Website\zanshin\newyears.htm --> ftp.zanshin.net /web newyears.htm
2001.03.10 16:06 B C:\My Website\zanshin\soup.htm --> ftp.zanshin.net /web soup.htm
2001.03.10 16:06 B C:\My Website\zanshin\step.htm --> ftp.zanshin.net /web step.htm
2001.03.10 16:06 B C:\My Website\zanshin\writings.html --> ftp.zanshin.net /web writings.html
2001.03.10 16:06 B C:\My Website\zanshin\xmas2000.htm --> ftp.zanshin.net /web xmas2000.htm
2001.03.10 16:06 B C:\My Website\zanshin\zanshin.htm --> ftp.zanshin.net /web zanshin.htm
2001.03.10 16:06 B C:\My Website\zanshin\zen.htm --> ftp.zanshin.net /web zen.htm
2001.03.10 16:11 B C:\My Website\zanshin\agreements.htm --> ftp.zanshin.net /web agreements.htm
2001.03.10 16:11 B C:\My Website\zanshin\bemylove.htm --> ftp.zanshin.net /web bemylove.htm
2001.03.10 16:11 B C:\My Website\zanshin\change.html --> ftp.zanshin.net /web change.html
2001.03.10 16:11 B C:\My Website\zanshin\chilli.htm --> ftp.zanshin.net /web chilli.htm
2001.03.10 16:11 B C:\My Website\zanshin\christmas.htm --> ftp.zanshin.net /web christmas.htm
2001.03.15 20:04 B C:\My Website\zanshin\throat.html --> ftp.zanshin.net /web throat.html
2001.03.15 20:04 B C:\My Website\zanshin\index.html --> ftp.zanshin.net /web index.html
2001.03.15 20:06 B C:\My Website\zanshin\index.html --> ftp.zanshin.net /web index.html
2001.03.15 20:20 B C:\My Website\zanshin\throat.html --> ftp.zanshin.net /web throat.html
2001.03.15 21:52 B C:\My Website\zanshin\dying.html --> ftp.zanshin.net /web dying.html
2001.03.15 21:52 B C:\My Website\zanshin\writings.html --> ftp.zanshin.net /web writings.html
2001.03.15 21:55 B C:\My Website\zanshin\dying.html --> ftp.zanshin.net /web dying.html
2001.03.15 21:56 B C:\My Website\zanshin\change.html --> ftp.zanshin.net /web change.html
2001.03.19 21:47 B C:\My Website\zanshin\cars.html --> ftp.zanshin.net /web cars.html
2001.03.19 21:47 B C:\My Website\zanshin\writings.html --> ftp.zanshin.net /web writings.html
2001.03.19 21:50 B C:\My Website\zanshin\index.html --> ftp.zanshin.net /web index.html
2001.03.19 21:52 B C:\My Website\zanshin\index.html --> ftp.zanshin.net /web index.html
2001.03.19 21:59 B C:\My Website\zanshin\cars.html --> ftp.zanshin.net /web cars.html
2001.03.19 21:59 B C:\My Website\zanshin\change.html --> ftp.zanshin.net /web change.html
2001.03.22 22:16 B C:\My Website\zanshin\bushisms.html --> ftp.zanshin.net /web bushisms.html
2001.03.22 22:16 B C:\My Website\zanshin\writings.html --> ftp.zanshin.net /web writings.html
2001.03.28 21:19 B C:\My Website\zanshin\care.html --> ftp.zanshin.net /web care.html
2001.03.28 21:19 B C:\My Website\zanshin\index.html --> ftp.zanshin.net /web index.html
2001.03.28 21:19 B C:\My Website\zanshin\writings.html --> ftp.zanshin.net /web writings.html
2001.09.20 19:43 B C:\My Website\zanshin\index.html --> ftp.zanshin.net /web index.html
2001.09.20 19:43 B C:\My Website\zanshin\riley.html --> ftp.zanshin.net /web riley.html
2001.09.20 19:43 B C:\My Website\zanshin\rude.html --> ftp.zanshin.net /web rude.html
2001.09.20 19:43 B C:\My Website\zanshin\writings.html --> ftp.zanshin.net /web writings.html
2001.09.21 23:04 B C:\My Website\zanshin\index.html --> ftp.zanshin.net /web index.html
2001.09.22 10:24 B C:\My Website\zanshin\index.html --> ftp.zanshin.net /web/images index.html
2001.09.22 10:24 B C:\My Website\zanshin\september11.html --> ftp.zanshin.net /web/images september11.html
2001.09.22 10:25 B C:\My Website\zanshin\september11.html --> ftp.zanshin.net /web september11.html
2001.09.22 10:25 B C:\My Website\zanshin\index.html --> ftp.zanshin.net /web index.html
2001.09.26 18:19 B C:\My Website\zanshin\index.html --> ftp.zanshin.net /web index.html
2001.09.26 18:19 B C:\My Website\zanshin\nekko.html --> ftp.zanshin.net /web nekko.html
2001.09.26 18:19 B C:\My Website\zanshin\spunky.html --> ftp.zanshin.net /web spunky.html
2001.09.26 18:19 B C:\My Website\zanshin\writings.html --> ftp.zanshin.net /web writings.html
2001.09.26 18:22 B C:\My Website\zanshin\writings.html --> ftp.zanshin.net /web writings.html
2001.11.22 08:50 B C:\My Website\zanshin\index.html --> ftp.zanshin.net /web index.html
2002.01.13 21:16 B C:\My Website\zanshin\agreements.htm --> ftp.zanshin.net /web agreements.htm
2002.01.13 21:16 B C:\My Website\zanshin\bemylove.htm --> ftp.zanshin.net /web bemylove.htm
2002.01.13 21:16 B C:\My Website\zanshin\bushisms.html --> ftp.zanshin.net /web bushisms.html
2002.01.13 21:16 B C:\My Website\zanshin\care.html --> ftp.zanshin.net /web care.html
2002.01.13 21:16 B C:\My Website\zanshin\cars.html --> ftp.zanshin.net /web cars.html
2002.01.13 21:17 B C:\My Website\zanshin\change.html --> ftp.zanshin.net /web change.html
2002.01.13 21:17 B C:\My Website\zanshin\chilli.htm --> ftp.zanshin.net /web chilli.htm
2002.01.13 21:17 B C:\My Website\zanshin\christmas.htm --> ftp.zanshin.net /web christmas.htm
2002.01.13 21:17 B C:\My Website\zanshin\dying.html --> ftp.zanshin.net /web dying.html
2002.01.13 21:17 B C:\My Website\zanshin\fustration.htm --> ftp.zanshin.net /web fustration.htm
2002.01.13 21:17 B C:\My Website\zanshin\germs.htm --> ftp.zanshin.net /web germs.htm
2002.01.13 21:17 B C:\My Website\zanshin\god.htm --> ftp.zanshin.net /web god.htm
2002.01.13 21:17 B C:\My Website\zanshin\index.html --> ftp.zanshin.net /web index.html
2002.01.13 21:17 B C:\My Website\zanshin\job.htm --> ftp.zanshin.net /web job.htm
2002.01.13 21:17 B C:\My Website\zanshin\lists.htm --> ftp.zanshin.net /web lists.htm
2002.01.13 21:17 B C:\My Website\zanshin\lovedone.htm --> ftp.zanshin.net /web lovedone.htm
2002.01.13 21:17 B C:\My Website\zanshin\millennium.htm --> ftp.zanshin.net /web millennium.htm
2002.01.13 21:17 B C:\My Website\zanshin\nekko.html --> ftp.zanshin.net /web nekko.html
2002.01.13 21:17 B C:\My Website\zanshin\newyears.htm --> ftp.zanshin.net /web newyears.htm
2002.01.13 21:17 B C:\My Website\zanshin\riley.html --> ftp.zanshin.net /web riley.html
2002.01.13 21:17 B C:\My Website\zanshin\rude.html --> ftp.zanshin.net /web rude.html
2002.01.13 21:17 B C:\My Website\zanshin\september11.html --> ftp.zanshin.net /web september11.html
2002.01.13 21:17 B C:\My Website\zanshin\soup.htm --> ftp.zanshin.net /web soup.htm
2002.01.13 21:17 B C:\My Website\zanshin\spunky.html --> ftp.zanshin.net /web spunky.html
2002.01.13 21:17 B C:\My Website\zanshin\step.htm --> ftp.zanshin.net /web step.htm
2002.01.13 21:17 B C:\My Website\zanshin\thoughtLog.html --> ftp.zanshin.net /web thoughtLog.html
2002.01.13 21:17 B C:\My Website\zanshin\throat.html --> ftp.zanshin.net /web throat.html
2002.01.13 21:17 B C:\My Website\zanshin\writings.html --> ftp.zanshin.net /web writings.html
2002.01.13 21:17 B C:\My Website\zanshin\xmas2000.htm --> ftp.zanshin.net /web xmas2000.htm
2002.01.13 21:17 B C:\My Website\zanshin\zanshin.htm --> ftp.zanshin.net /web zanshin.htm
2002.01.13 21:17 B C:\My Website\zanshin\zen.htm --> ftp.zanshin.net /web zen.htm
2002.01.25 18:41 B C:\My Website\zanshin\dub.html --> ftp.zanshin.net /web dub.html
2002.01.25 18:41 B C:\My Website\zanshin\dubLog.html --> ftp.zanshin.net /web dubLog.html
2002.01.25 18:41 B C:\My Website\zanshin\index.html --> ftp.zanshin.net /web index.html
2002.01.27 12:22 B C:\My Website\zanshin\index.html --> ftp.zanshin.net /web index.html
2002.01.27 12:22 B C:\My Website\zanshin\spamcount.html --> ftp.zanshin.net /web spamcount.html
2002.01.27 21:02 B C:\My Website\zanshin\dub.html --> ftp.zanshin.net /web dub.html
2002.01.27 21:02 B C:\My Website\zanshin\dubLog.html --> ftp.zanshin.net /web dubLog.html
2002.01.29 16:36 B C:\My Website\zanshin\dub.html --> ftp.zanshin.net /web dub.html
2002.01.29 16:36 B C:\My Website\zanshin\dubLog.html --> ftp.zanshin.net /web dubLog.html
2002.01.29 16:36 B C:\My Website\zanshin\index.html --> ftp.zanshin.net /web index.html
2002.01.29 16:46 B C:\My Website\zanshin\dub.html --> ftp.zanshin.net /web dub.html
2002.01.29 16:46 B C:\My Website\zanshin\dubLog.html --> ftp.zanshin.net /web dubLog.html
2002.01.29 16:48 B C:\My Website\zanshin\dub.html --> ftp.zanshin.net /web dub.html
2002.01.29 16:48 B C:\My Website\zanshin\dubLog.html --> ftp.zanshin.net /web dubLog.html
2002.01.29 16:51 B C:\My Website\zanshin\dub.html --> ftp.zanshin.net /web dub.html
2002.01.29 16:51 B C:\My Website\zanshin\dubLog.html --> ftp.zanshin.net /web dubLog.html
2002.01.29 16:56 B C:\My Website\zanshin\dub.html --> ftp.zanshin.net /web dub.html
2002.01.29 16:56 B C:\My Website\zanshin\dubLog.html --> ftp.zanshin.net /web dubLog.html
2002.02.04 20:44 B C:\My Website\zanshin\index.html --> ftp.zanshin.net /web index.html
