2002.06.19 07:11 B C:\My Website\web\agreements.htm <-- zanshin /web agreements.htm
2002.06.19 07:11 B C:\My Website\web\bemylove.htm <-- zanshin /web bemylove.htm
2002.06.19 07:11 B C:\My Website\web\books.htm <-- zanshin /web books.htm
2002.06.19 07:11 B C:\My Website\web\bushisms.html <-- zanshin /web bushisms.html
2002.06.19 07:11 B C:\My Website\web\care.html <-- zanshin /web care.html
2002.06.19 07:11 B C:\My Website\web\cars.html <-- zanshin /web cars.html
2002.06.19 07:11 B C:\My Website\web\change.html <-- zanshin /web change.html
2002.06.19 07:11 B C:\My Website\web\chilli.htm <-- zanshin /web chilli.htm
2002.06.19 07:11 B C:\My Website\web\christmas.htm <-- zanshin /web christmas.htm
2002.06.19 07:11 B C:\My Website\web\dub.html <-- zanshin /web dub.html
2002.06.19 07:11 B C:\My Website\web\dubLog.html <-- zanshin /web dubLog.html
2002.06.19 07:11 B C:\My Website\web\dying.html <-- zanshin /web dying.html
2002.06.19 07:11 B C:\My Website\web\favicon.ico <-- zanshin /web favicon.ico
2002.06.19 07:11 B C:\My Website\web\fustration.htm <-- zanshin /web fustration.htm
2002.06.19 07:11 B C:\My Website\web\germs.htm <-- zanshin /web germs.htm
2002.06.19 07:11 B C:\My Website\web\god.htm <-- zanshin /web god.htm
2002.06.19 07:11 B C:\My Website\web\index.html <-- zanshin /web index.html
2002.06.19 07:11 B C:\My Website\web\job.htm <-- zanshin /web job.htm
2002.06.19 07:11 B C:\My Website\web\lists.htm <-- zanshin /web lists.htm
2002.06.19 07:11 B C:\My Website\web\lovedone.htm <-- zanshin /web lovedone.htm
2002.06.19 07:11 B C:\My Website\web\millennium.htm <-- zanshin /web millennium.htm
2002.06.19 07:11 B C:\My Website\web\nekko.html <-- zanshin /web nekko.html
2002.06.19 07:11 B C:\My Website\web\newyears.htm <-- zanshin /web newyears.htm
2002.06.19 07:11 B C:\My Website\web\riley.html <-- zanshin /web riley.html
2002.06.19 07:11 B C:\My Website\web\rude.html <-- zanshin /web rude.html
2002.06.19 07:11 B C:\My Website\web\september11.html <-- zanshin /web september11.html
2002.06.19 07:11 B C:\My Website\web\soup.htm <-- zanshin /web soup.htm
2002.06.19 07:11 B C:\My Website\web\spamcount.html <-- zanshin /web spamcount.html
2002.06.19 07:11 B C:\My Website\web\spunky.html <-- zanshin /web spunky.html
2002.06.19 07:11 B C:\My Website\web\step.htm <-- zanshin /web step.htm
2002.06.19 07:11 B C:\My Website\web\thoughtLog.html <-- zanshin /web thoughtLog.html
2002.06.19 07:11 B C:\My Website\web\throat.html <-- zanshin /web throat.html
2002.06.19 07:11 B C:\My Website\web\throatLog.html <-- zanshin /web throatLog.html
2002.06.19 07:11 B C:\My Website\web\writings.html <-- zanshin /web writings.html
2002.06.19 07:12 B C:\My Website\web\xmas2000.htm <-- zanshin /web xmas2000.htm
2002.06.19 07:12 B C:\My Website\web\zanshin.htm <-- zanshin /web zanshin.htm
2002.06.19 07:12 B C:\My Website\web\zen.htm <-- zanshin /web zen.htm
